Build started 07/05/2014 13:12:41.
     1>Project "C:\Users\thatguylukuss\Documents\Visual Studio 2012\Projects\Kmeans_Serial\Kmeans_Serial\Kmeans_Serial.vcxproj" on node 2 (Build target(s)).
     1>ClCompile:
         C:\Program Files (x86)\Microsoft Visual Studio 11.0\VC\bin\CL.exe /c /Zi /nologo /W3 /WX- /O2 /Oi /Oy- /GL /D _MBCS /Gm- /EHsc /MD /GS /Gy /fp:precise /Zc:wchar_t /Zc:forScope /Fo"Release\\" /Fd"Release\vc110.pdb" /Gd /TP /analyze- /errorReport:prompt main.cpp
         main.cpp
     1>c:\users\thatguylukuss\documents\visual studio 2012\projects\kmeans_serial\kmeans_serial\FeatureSpace.h(72): warning C4244: 'return' : conversion from 'double' to 'float', possible loss of data
     1>c:\users\thatguylukuss\documents\visual studio 2012\projects\kmeans_serial\kmeans_serial\FeatureSpace.h(87): warning C4056: overflow in floating-point constant arithmetic
       Link:
         C:\Program Files (x86)\Microsoft Visual Studio 11.0\VC\bin\link.exe /ERRORREPORT:PROMPT /OUT:"C:\Users\thatguylukuss\Documents\Visual Studio 2012\Projects\Kmeans_Serial\Release\Kmeans_Serial.exe" /NOLOGO kernel32.lib user32.lib gdi32.lib winspool.lib comdlg32.lib advapi32.lib shell32.lib ole32.lib oleaut32.lib uuid.lib odbc32.lib odbccp32.lib kernel32.lib user32.lib gdi32.lib winspool.lib comdlg32.lib advapi32.lib shell32.lib ole32.lib oleaut32.lib uuid.lib odbc32.lib odbccp32.lib /MANIFEST /MANIFESTUAC:"level='asInvoker' uiAccess='false'" /manifest:embed /DEBUG /PDB:"C:\Users\thatguylukuss\Documents\Visual Studio 2012\Projects\Kmeans_Serial\Release\Kmeans_Serial.pdb" /OPT:REF /OPT:ICF /LTCG /TLBID:1 /DYNAMICBASE /NXCOMPAT /IMPLIB:"C:\Users\thatguylukuss\Documents\Visual Studio 2012\Projects\Kmeans_Serial\Release\Kmeans_Serial.lib" /MACHINE:X86 /SAFESEH Release\Exceptions.obj
         Release\FeaturePoint.obj
         Release\FeatureSpace.obj
         Release\FileHandler.obj
         Release\jbutil.obj
         Release\main.obj
         Release\Point.obj
         Generating code
     1>c:\users\thatguylukuss\documents\visual studio 2012\projects\kmeans_serial\kmeans_serial\featurespace.h(87): warning C4756: overflow in constant arithmetic
     1>c:\users\thatguylukuss\documents\visual studio 2012\projects\kmeans_serial\kmeans_serial\featurespace.h(87): warning C4756: overflow in constant arithmetic
         Finished generating code
         Kmeans_Serial.vcxproj -> C:\Users\thatguylukuss\Documents\Visual Studio 2012\Projects\Kmeans_Serial\Release\Kmeans_Serial.exe
     1>Done Building Project "C:\Users\thatguylukuss\Documents\Visual Studio 2012\Projects\Kmeans_Serial\Kmeans_Serial\Kmeans_Serial.vcxproj" (Build target(s)).

Build succeeded.

Time Elapsed 00:00:00.77
