C:\USERS\THATGUYLUKUSS\DOCUMENTS\VISUAL STUDIO 2012\PROJECTS\KMEANS_SERIAL\KMEANS_SERIAL\DEBUG\EXCEPTIONS.OBJ
C:\USERS\THATGUYLUKUSS\DOCUMENTS\VISUAL STUDIO 2012\PROJECTS\KMEANS_SERIAL\KMEANS_SERIAL\DEBUG\FEATUREPOINT.OBJ
C:\USERS\THATGUYLUKUSS\DOCUMENTS\VISUAL STUDIO 2012\PROJECTS\KMEANS_SERIAL\KMEANS_SERIAL\DEBUG\FILEHANDLER.OBJ
C:\USERS\THATGUYLUKUSS\DOCUMENTS\VISUAL STUDIO 2012\PROJECTS\KMEANS_SERIAL\KMEANS_SERIAL\DEBUG\POINT.OBJ
C:\USERS\THATGUYLUKUSS\DOCUMENTS\VISUAL STUDIO 2012\PROJECTS\KMEANS_SERIAL\KMEANS_SERIAL\DEBUG\VC110.PDB
C:\USERS\THATGUYLUKUSS\DOCUMENTS\VISUAL STUDIO 2012\PROJECTS\KMEANS_SERIAL\KMEANS_SERIAL\DEBUG\FEATURESPACE.OBJ
C:\USERS\THATGUYLUKUSS\DOCUMENTS\VISUAL STUDIO 2012\PROJECTS\KMEANS_SERIAL\KMEANS_SERIAL\DEBUG\JBUTIL.OBJ
C:\USERS\THATGUYLUKUSS\DOCUMENTS\VISUAL STUDIO 2012\PROJECTS\KMEANS_PARALLEL_V10\KMEANS_SERIAL\DEBUG\EXCEPTIONS.OBJ
C:\USERS\THATGUYLUKUSS\DOCUMENTS\VISUAL STUDIO 2012\PROJECTS\KMEANS_PARALLEL_V10\KMEANS_SERIAL\DEBUG\FEATUREPOINT.OBJ
C:\USERS\THATGUYLUKUSS\DOCUMENTS\VISUAL STUDIO 2012\PROJECTS\KMEANS_PARALLEL_V10\KMEANS_SERIAL\DEBUG\FILEHANDLER.OBJ
C:\USERS\THATGUYLUKUSS\DOCUMENTS\VISUAL STUDIO 2012\PROJECTS\KMEANS_PARALLEL_V10\KMEANS_SERIAL\DEBUG\JBUTIL.OBJ
C:\USERS\THATGUYLUKUSS\DOCUMENTS\VISUAL STUDIO 2012\PROJECTS\KMEANS_PARALLEL_V10\KMEANS_SERIAL\DEBUG\POINT.OBJ
C:\USERS\THATGUYLUKUSS\DOCUMENTS\VISUAL STUDIO 2012\PROJECTS\KMEANS_PARALLEL_V10\KMEANS_SERIAL\DEBUG\VC110.PDB
C:\USERS\THATGUYLUKUSS\DOCUMENTS\VISUAL STUDIO 2012\PROJECTS\KMEANS_SERIAL\DEBUG\KMEANS_SERIAL.ILK
C:\USERS\THATGUYLUKUSS\DOCUMENTS\VISUAL STUDIO 2012\PROJECTS\KMEANS_SERIAL\DEBUG\KMEANS_SERIAL.EXE
C:\USERS\THATGUYLUKUSS\DOCUMENTS\VISUAL STUDIO 2012\PROJECTS\KMEANS_SERIAL\DEBUG\KMEANS_SERIAL.PDB
C:\USERS\THATGUYLUKUSS\DOCUMENTS\VISUAL STUDIO 2012\PROJECTS\KMEANS_PARALLEL_V10\DEBUG\KMEANS_SERIAL.ILK
C:\USERS\THATGUYLUKUSS\DOCUMENTS\VISUAL STUDIO 2012\PROJECTS\KMEANS_PARALLEL_V10\DEBUG\KMEANS_SERIAL.EXE
C:\USERS\THATGUYLUKUSS\DOCUMENTS\VISUAL STUDIO 2012\PROJECTS\KMEANS_PARALLEL_V10\DEBUG\KMEANS_SERIAL.PDB
C:\Users\thatguylukuss\Documents\Visual Studio 2012\Projects\Kmeans_Parallel_v10\Kmeans_Serial\Debug\FeatureSpace.cu.cache
C:\Users\thatguylukuss\Documents\Visual Studio 2012\Projects\Kmeans_Parallel_v10\Kmeans_Serial\Debug\main.cu.cache
C:\Users\thatguylukuss\Documents\Visual Studio 2012\Projects\Kmeans_Parallel_v10\Kmeans_Serial\Debug\Exceptions.obj
C:\Users\thatguylukuss\Documents\Visual Studio 2012\Projects\Kmeans_Parallel_v10\Kmeans_Serial\Debug\FeaturePoint.obj
C:\Users\thatguylukuss\Documents\Visual Studio 2012\Projects\Kmeans_Parallel_v10\Kmeans_Serial\Debug\FeatureSpace.cu.obj
C:\Users\thatguylukuss\Documents\Visual Studio 2012\Projects\Kmeans_Parallel_v10\Kmeans_Serial\Debug\FeatureSpace.obj
C:\Users\thatguylukuss\Documents\Visual Studio 2012\Projects\Kmeans_Parallel_v10\Kmeans_Serial\Debug\FileHandler.obj
C:\Users\thatguylukuss\Documents\Visual Studio 2012\Projects\Kmeans_Parallel_v10\Kmeans_Serial\Debug\jbutil.obj
C:\Users\thatguylukuss\Documents\Visual Studio 2012\Projects\Kmeans_Parallel_v10\Kmeans_Serial\Debug\main.cu.obj
C:\Users\thatguylukuss\Documents\Visual Studio 2012\Projects\Kmeans_Parallel_v10\Kmeans_Serial\Debug\main.obj
C:\Users\thatguylukuss\Documents\Visual Studio 2012\Projects\Kmeans_Parallel_v10\Kmeans_Serial\Debug\Point.obj
C:\Users\thatguylukuss\Documents\Visual Studio 2012\Projects\Kmeans_Parallel_v10\Kmeans_Serial\Debug\cl.command.1.tlog
C:\Users\thatguylukuss\Documents\Visual Studio 2012\Projects\Kmeans_Parallel_v10\Kmeans_Serial\Debug\CL.read.1.tlog
C:\Users\thatguylukuss\Documents\Visual Studio 2012\Projects\Kmeans_Parallel_v10\Kmeans_Serial\Debug\CL.write.1.tlog
C:\Users\thatguylukuss\Documents\Visual Studio 2012\Projects\Kmeans_Parallel_v10\Kmeans_Serial\Debug\link-cvtres.read.1.tlog
C:\Users\thatguylukuss\Documents\Visual Studio 2012\Projects\Kmeans_Parallel_v10\Kmeans_Serial\Debug\link-cvtres.write.1.tlog
C:\Users\thatguylukuss\Documents\Visual Studio 2012\Projects\Kmeans_Parallel_v10\Kmeans_Serial\Debug\link-rc.read.1.tlog
C:\Users\thatguylukuss\Documents\Visual Studio 2012\Projects\Kmeans_Parallel_v10\Kmeans_Serial\Debug\link-rc.write.1.tlog
C:\Users\thatguylukuss\Documents\Visual Studio 2012\Projects\Kmeans_Parallel_v10\Kmeans_Serial\Debug\link.10124-cvtres.read.1.tlog
C:\Users\thatguylukuss\Documents\Visual Studio 2012\Projects\Kmeans_Parallel_v10\Kmeans_Serial\Debug\link.10124-cvtres.write.1.tlog
C:\Users\thatguylukuss\Documents\Visual Studio 2012\Projects\Kmeans_Parallel_v10\Kmeans_Serial\Debug\link.10124-rc.read.1.tlog
C:\Users\thatguylukuss\Documents\Visual Studio 2012\Projects\Kmeans_Parallel_v10\Kmeans_Serial\Debug\link.10124-rc.write.1.tlog
C:\Users\thatguylukuss\Documents\Visual Studio 2012\Projects\Kmeans_Parallel_v10\Kmeans_Serial\Debug\link.10124.read.1.tlog
C:\Users\thatguylukuss\Documents\Visual Studio 2012\Projects\Kmeans_Parallel_v10\Kmeans_Serial\Debug\link.10124.write.1.tlog
C:\Users\thatguylukuss\Documents\Visual Studio 2012\Projects\Kmeans_Parallel_v10\Kmeans_Serial\Debug\link.10456-cvtres.read.1.tlog
C:\Users\thatguylukuss\Documents\Visual Studio 2012\Projects\Kmeans_Parallel_v10\Kmeans_Serial\Debug\link.10456-cvtres.write.1.tlog
C:\Users\thatguylukuss\Documents\Visual Studio 2012\Projects\Kmeans_Parallel_v10\Kmeans_Serial\Debug\link.10456-rc.read.1.tlog
C:\Users\thatguylukuss\Documents\Visual Studio 2012\Projects\Kmeans_Parallel_v10\Kmeans_Serial\Debug\link.10456-rc.write.1.tlog
C:\Users\thatguylukuss\Documents\Visual Studio 2012\Projects\Kmeans_Parallel_v10\Kmeans_Serial\Debug\link.10456.read.1.tlog
C:\Users\thatguylukuss\Documents\Visual Studio 2012\Projects\Kmeans_Parallel_v10\Kmeans_Serial\Debug\link.10456.write.1.tlog
C:\Users\thatguylukuss\Documents\Visual Studio 2012\Projects\Kmeans_Parallel_v10\Kmeans_Serial\Debug\link.10688-cvtres.read.1.tlog
C:\Users\thatguylukuss\Documents\Visual Studio 2012\Projects\Kmeans_Parallel_v10\Kmeans_Serial\Debug\link.10688-cvtres.write.1.tlog
C:\Users\thatguylukuss\Documents\Visual Studio 2012\Projects\Kmeans_Parallel_v10\Kmeans_Serial\Debug\link.10688-rc.read.1.tlog
C:\Users\thatguylukuss\Documents\Visual Studio 2012\Projects\Kmeans_Parallel_v10\Kmeans_Serial\Debug\link.10688-rc.write.1.tlog
C:\Users\thatguylukuss\Documents\Visual Studio 2012\Projects\Kmeans_Parallel_v10\Kmeans_Serial\Debug\link.10688.read.1.tlog
C:\Users\thatguylukuss\Documents\Visual Studio 2012\Projects\Kmeans_Parallel_v10\Kmeans_Serial\Debug\link.10688.write.1.tlog
C:\Users\thatguylukuss\Documents\Visual Studio 2012\Projects\Kmeans_Parallel_v10\Kmeans_Serial\Debug\link.10712-cvtres.read.1.tlog
C:\Users\thatguylukuss\Documents\Visual Studio 2012\Projects\Kmeans_Parallel_v10\Kmeans_Serial\Debug\link.10712-cvtres.write.1.tlog
C:\Users\thatguylukuss\Documents\Visual Studio 2012\Projects\Kmeans_Parallel_v10\Kmeans_Serial\Debug\link.10712-rc.read.1.tlog
C:\Users\thatguylukuss\Documents\Visual Studio 2012\Projects\Kmeans_Parallel_v10\Kmeans_Serial\Debug\link.10712-rc.write.1.tlog
C:\Users\thatguylukuss\Documents\Visual Studio 2012\Projects\Kmeans_Parallel_v10\Kmeans_Serial\Debug\link.10712.read.1.tlog
C:\Users\thatguylukuss\Documents\Visual Studio 2012\Projects\Kmeans_Parallel_v10\Kmeans_Serial\Debug\link.10712.write.1.tlog
C:\Users\thatguylukuss\Documents\Visual Studio 2012\Projects\Kmeans_Parallel_v10\Kmeans_Serial\Debug\link.1304-cvtres.read.1.tlog
C:\Users\thatguylukuss\Documents\Visual Studio 2012\Projects\Kmeans_Parallel_v10\Kmeans_Serial\Debug\link.1304-cvtres.write.1.tlog
C:\Users\thatguylukuss\Documents\Visual Studio 2012\Projects\Kmeans_Parallel_v10\Kmeans_Serial\Debug\link.1304-rc.read.1.tlog
C:\Users\thatguylukuss\Documents\Visual Studio 2012\Projects\Kmeans_Parallel_v10\Kmeans_Serial\Debug\link.1304-rc.write.1.tlog
C:\Users\thatguylukuss\Documents\Visual Studio 2012\Projects\Kmeans_Parallel_v10\Kmeans_Serial\Debug\link.1304.read.1.tlog
C:\Users\thatguylukuss\Documents\Visual Studio 2012\Projects\Kmeans_Parallel_v10\Kmeans_Serial\Debug\link.1304.write.1.tlog
C:\Users\thatguylukuss\Documents\Visual Studio 2012\Projects\Kmeans_Parallel_v10\Kmeans_Serial\Debug\link.2072-cvtres.read.1.tlog
C:\Users\thatguylukuss\Documents\Visual Studio 2012\Projects\Kmeans_Parallel_v10\Kmeans_Serial\Debug\link.2072-cvtres.write.1.tlog
C:\Users\thatguylukuss\Documents\Visual Studio 2012\Projects\Kmeans_Parallel_v10\Kmeans_Serial\Debug\link.2072-rc.read.1.tlog
C:\Users\thatguylukuss\Documents\Visual Studio 2012\Projects\Kmeans_Parallel_v10\Kmeans_Serial\Debug\link.2072-rc.write.1.tlog
C:\Users\thatguylukuss\Documents\Visual Studio 2012\Projects\Kmeans_Parallel_v10\Kmeans_Serial\Debug\link.2072.read.1.tlog
C:\Users\thatguylukuss\Documents\Visual Studio 2012\Projects\Kmeans_Parallel_v10\Kmeans_Serial\Debug\link.2072.write.1.tlog
C:\Users\thatguylukuss\Documents\Visual Studio 2012\Projects\Kmeans_Parallel_v10\Kmeans_Serial\Debug\link.3624-cvtres.read.1.tlog
C:\Users\thatguylukuss\Documents\Visual Studio 2012\Projects\Kmeans_Parallel_v10\Kmeans_Serial\Debug\link.3624-cvtres.write.1.tlog
C:\Users\thatguylukuss\Documents\Visual Studio 2012\Projects\Kmeans_Parallel_v10\Kmeans_Serial\Debug\link.3624-rc.read.1.tlog
C:\Users\thatguylukuss\Documents\Visual Studio 2012\Projects\Kmeans_Parallel_v10\Kmeans_Serial\Debug\link.3624-rc.write.1.tlog
C:\Users\thatguylukuss\Documents\Visual Studio 2012\Projects\Kmeans_Parallel_v10\Kmeans_Serial\Debug\link.3624.read.1.tlog
C:\Users\thatguylukuss\Documents\Visual Studio 2012\Projects\Kmeans_Parallel_v10\Kmeans_Serial\Debug\link.3624.write.1.tlog
C:\Users\thatguylukuss\Documents\Visual Studio 2012\Projects\Kmeans_Parallel_v10\Kmeans_Serial\Debug\link.4056-cvtres.read.1.tlog
C:\Users\thatguylukuss\Documents\Visual Studio 2012\Projects\Kmeans_Parallel_v10\Kmeans_Serial\Debug\link.4056-cvtres.write.1.tlog
C:\Users\thatguylukuss\Documents\Visual Studio 2012\Projects\Kmeans_Parallel_v10\Kmeans_Serial\Debug\link.4056-rc.read.1.tlog
C:\Users\thatguylukuss\Documents\Visual Studio 2012\Projects\Kmeans_Parallel_v10\Kmeans_Serial\Debug\link.4056-rc.write.1.tlog
C:\Users\thatguylukuss\Documents\Visual Studio 2012\Projects\Kmeans_Parallel_v10\Kmeans_Serial\Debug\link.4056.read.1.tlog
C:\Users\thatguylukuss\Documents\Visual Studio 2012\Projects\Kmeans_Parallel_v10\Kmeans_Serial\Debug\link.4056.write.1.tlog
C:\Users\thatguylukuss\Documents\Visual Studio 2012\Projects\Kmeans_Parallel_v10\Kmeans_Serial\Debug\link.4276-cvtres.read.1.tlog
C:\Users\thatguylukuss\Documents\Visual Studio 2012\Projects\Kmeans_Parallel_v10\Kmeans_Serial\Debug\link.4276-cvtres.write.1.tlog
C:\Users\thatguylukuss\Documents\Visual Studio 2012\Projects\Kmeans_Parallel_v10\Kmeans_Serial\Debug\link.4276-rc.read.1.tlog
C:\Users\thatguylukuss\Documents\Visual Studio 2012\Projects\Kmeans_Parallel_v10\Kmeans_Serial\Debug\link.4276-rc.write.1.tlog
C:\Users\thatguylukuss\Documents\Visual Studio 2012\Projects\Kmeans_Parallel_v10\Kmeans_Serial\Debug\link.4276.read.1.tlog
C:\Users\thatguylukuss\Documents\Visual Studio 2012\Projects\Kmeans_Parallel_v10\Kmeans_Serial\Debug\link.4276.write.1.tlog
C:\Users\thatguylukuss\Documents\Visual Studio 2012\Projects\Kmeans_Parallel_v10\Kmeans_Serial\Debug\link.5512-cvtres.read.1.tlog
C:\Users\thatguylukuss\Documents\Visual Studio 2012\Projects\Kmeans_Parallel_v10\Kmeans_Serial\Debug\link.5512-cvtres.write.1.tlog
C:\Users\thatguylukuss\Documents\Visual Studio 2012\Projects\Kmeans_Parallel_v10\Kmeans_Serial\Debug\link.5512-rc.read.1.tlog
C:\Users\thatguylukuss\Documents\Visual Studio 2012\Projects\Kmeans_Parallel_v10\Kmeans_Serial\Debug\link.5512-rc.write.1.tlog
C:\Users\thatguylukuss\Documents\Visual Studio 2012\Projects\Kmeans_Parallel_v10\Kmeans_Serial\Debug\link.5512.read.1.tlog
C:\Users\thatguylukuss\Documents\Visual Studio 2012\Projects\Kmeans_Parallel_v10\Kmeans_Serial\Debug\link.5512.write.1.tlog
C:\Users\thatguylukuss\Documents\Visual Studio 2012\Projects\Kmeans_Parallel_v10\Kmeans_Serial\Debug\link.5728-cvtres.read.1.tlog
C:\Users\thatguylukuss\Documents\Visual Studio 2012\Projects\Kmeans_Parallel_v10\Kmeans_Serial\Debug\link.5728-cvtres.write.1.tlog
C:\Users\thatguylukuss\Documents\Visual Studio 2012\Projects\Kmeans_Parallel_v10\Kmeans_Serial\Debug\link.5728-rc.read.1.tlog
C:\Users\thatguylukuss\Documents\Visual Studio 2012\Projects\Kmeans_Parallel_v10\Kmeans_Serial\Debug\link.5728-rc.write.1.tlog
C:\Users\thatguylukuss\Documents\Visual Studio 2012\Projects\Kmeans_Parallel_v10\Kmeans_Serial\Debug\link.5728.read.1.tlog
C:\Users\thatguylukuss\Documents\Visual Studio 2012\Projects\Kmeans_Parallel_v10\Kmeans_Serial\Debug\link.5728.write.1.tlog
C:\Users\thatguylukuss\Documents\Visual Studio 2012\Projects\Kmeans_Parallel_v10\Kmeans_Serial\Debug\link.6692-cvtres.read.1.tlog
C:\Users\thatguylukuss\Documents\Visual Studio 2012\Projects\Kmeans_Parallel_v10\Kmeans_Serial\Debug\link.6692-cvtres.write.1.tlog
C:\Users\thatguylukuss\Documents\Visual Studio 2012\Projects\Kmeans_Parallel_v10\Kmeans_Serial\Debug\link.6692-rc.read.1.tlog
C:\Users\thatguylukuss\Documents\Visual Studio 2012\Projects\Kmeans_Parallel_v10\Kmeans_Serial\Debug\link.6692-rc.write.1.tlog
C:\Users\thatguylukuss\Documents\Visual Studio 2012\Projects\Kmeans_Parallel_v10\Kmeans_Serial\Debug\link.6692.read.1.tlog
C:\Users\thatguylukuss\Documents\Visual Studio 2012\Projects\Kmeans_Parallel_v10\Kmeans_Serial\Debug\link.6692.write.1.tlog
C:\Users\thatguylukuss\Documents\Visual Studio 2012\Projects\Kmeans_Parallel_v10\Kmeans_Serial\Debug\link.6892-cvtres.read.1.tlog
C:\Users\thatguylukuss\Documents\Visual Studio 2012\Projects\Kmeans_Parallel_v10\Kmeans_Serial\Debug\link.6892-cvtres.write.1.tlog
C:\Users\thatguylukuss\Documents\Visual Studio 2012\Projects\Kmeans_Parallel_v10\Kmeans_Serial\Debug\link.6892-rc.read.1.tlog
C:\Users\thatguylukuss\Documents\Visual Studio 2012\Projects\Kmeans_Parallel_v10\Kmeans_Serial\Debug\link.6892-rc.write.1.tlog
C:\Users\thatguylukuss\Documents\Visual Studio 2012\Projects\Kmeans_Parallel_v10\Kmeans_Serial\Debug\link.6892.read.1.tlog
C:\Users\thatguylukuss\Documents\Visual Studio 2012\Projects\Kmeans_Parallel_v10\Kmeans_Serial\Debug\link.6892.write.1.tlog
C:\Users\thatguylukuss\Documents\Visual Studio 2012\Projects\Kmeans_Parallel_v10\Kmeans_Serial\Debug\link.7704-cvtres.read.1.tlog
C:\Users\thatguylukuss\Documents\Visual Studio 2012\Projects\Kmeans_Parallel_v10\Kmeans_Serial\Debug\link.7704-cvtres.write.1.tlog
C:\Users\thatguylukuss\Documents\Visual Studio 2012\Projects\Kmeans_Parallel_v10\Kmeans_Serial\Debug\link.7704-rc.read.1.tlog
C:\Users\thatguylukuss\Documents\Visual Studio 2012\Projects\Kmeans_Parallel_v10\Kmeans_Serial\Debug\link.7704-rc.write.1.tlog
C:\Users\thatguylukuss\Documents\Visual Studio 2012\Projects\Kmeans_Parallel_v10\Kmeans_Serial\Debug\link.7704.read.1.tlog
C:\Users\thatguylukuss\Documents\Visual Studio 2012\Projects\Kmeans_Parallel_v10\Kmeans_Serial\Debug\link.7704.write.1.tlog
C:\Users\thatguylukuss\Documents\Visual Studio 2012\Projects\Kmeans_Parallel_v10\Kmeans_Serial\Debug\link.7888-cvtres.read.1.tlog
C:\Users\thatguylukuss\Documents\Visual Studio 2012\Projects\Kmeans_Parallel_v10\Kmeans_Serial\Debug\link.7888-cvtres.write.1.tlog
C:\Users\thatguylukuss\Documents\Visual Studio 2012\Projects\Kmeans_Parallel_v10\Kmeans_Serial\Debug\link.7888-rc.read.1.tlog
C:\Users\thatguylukuss\Documents\Visual Studio 2012\Projects\Kmeans_Parallel_v10\Kmeans_Serial\Debug\link.7888-rc.write.1.tlog
C:\Users\thatguylukuss\Documents\Visual Studio 2012\Projects\Kmeans_Parallel_v10\Kmeans_Serial\Debug\link.7888.read.1.tlog
C:\Users\thatguylukuss\Documents\Visual Studio 2012\Projects\Kmeans_Parallel_v10\Kmeans_Serial\Debug\link.7888.write.1.tlog
C:\Users\thatguylukuss\Documents\Visual Studio 2012\Projects\Kmeans_Parallel_v10\Kmeans_Serial\Debug\link.8012-cvtres.read.1.tlog
C:\Users\thatguylukuss\Documents\Visual Studio 2012\Projects\Kmeans_Parallel_v10\Kmeans_Serial\Debug\link.8012-cvtres.write.1.tlog
C:\Users\thatguylukuss\Documents\Visual Studio 2012\Projects\Kmeans_Parallel_v10\Kmeans_Serial\Debug\link.8012-rc.read.1.tlog
C:\Users\thatguylukuss\Documents\Visual Studio 2012\Projects\Kmeans_Parallel_v10\Kmeans_Serial\Debug\link.8012-rc.write.1.tlog
C:\Users\thatguylukuss\Documents\Visual Studio 2012\Projects\Kmeans_Parallel_v10\Kmeans_Serial\Debug\link.8012.read.1.tlog
C:\Users\thatguylukuss\Documents\Visual Studio 2012\Projects\Kmeans_Parallel_v10\Kmeans_Serial\Debug\link.8012.write.1.tlog
C:\Users\thatguylukuss\Documents\Visual Studio 2012\Projects\Kmeans_Parallel_v10\Kmeans_Serial\Debug\link.8016-cvtres.read.1.tlog
C:\Users\thatguylukuss\Documents\Visual Studio 2012\Projects\Kmeans_Parallel_v10\Kmeans_Serial\Debug\link.8016-cvtres.write.1.tlog
C:\Users\thatguylukuss\Documents\Visual Studio 2012\Projects\Kmeans_Parallel_v10\Kmeans_Serial\Debug\link.8016-rc.read.1.tlog
C:\Users\thatguylukuss\Documents\Visual Studio 2012\Projects\Kmeans_Parallel_v10\Kmeans_Serial\Debug\link.8016-rc.write.1.tlog
C:\Users\thatguylukuss\Documents\Visual Studio 2012\Projects\Kmeans_Parallel_v10\Kmeans_Serial\Debug\link.8016.read.1.tlog
C:\Users\thatguylukuss\Documents\Visual Studio 2012\Projects\Kmeans_Parallel_v10\Kmeans_Serial\Debug\link.8016.write.1.tlog
C:\Users\thatguylukuss\Documents\Visual Studio 2012\Projects\Kmeans_Parallel_v10\Kmeans_Serial\Debug\link.8096-cvtres.read.1.tlog
C:\Users\thatguylukuss\Documents\Visual Studio 2012\Projects\Kmeans_Parallel_v10\Kmeans_Serial\Debug\link.8096-cvtres.write.1.tlog
C:\Users\thatguylukuss\Documents\Visual Studio 2012\Projects\Kmeans_Parallel_v10\Kmeans_Serial\Debug\link.8096-rc.read.1.tlog
C:\Users\thatguylukuss\Documents\Visual Studio 2012\Projects\Kmeans_Parallel_v10\Kmeans_Serial\Debug\link.8096-rc.write.1.tlog
C:\Users\thatguylukuss\Documents\Visual Studio 2012\Projects\Kmeans_Parallel_v10\Kmeans_Serial\Debug\link.8096.read.1.tlog
C:\Users\thatguylukuss\Documents\Visual Studio 2012\Projects\Kmeans_Parallel_v10\Kmeans_Serial\Debug\link.8096.write.1.tlog
C:\Users\thatguylukuss\Documents\Visual Studio 2012\Projects\Kmeans_Parallel_v10\Kmeans_Serial\Debug\link.9204-cvtres.read.1.tlog
C:\Users\thatguylukuss\Documents\Visual Studio 2012\Projects\Kmeans_Parallel_v10\Kmeans_Serial\Debug\link.9204-cvtres.write.1.tlog
C:\Users\thatguylukuss\Documents\Visual Studio 2012\Projects\Kmeans_Parallel_v10\Kmeans_Serial\Debug\link.9204-rc.read.1.tlog
C:\Users\thatguylukuss\Documents\Visual Studio 2012\Projects\Kmeans_Parallel_v10\Kmeans_Serial\Debug\link.9204-rc.write.1.tlog
C:\Users\thatguylukuss\Documents\Visual Studio 2012\Projects\Kmeans_Parallel_v10\Kmeans_Serial\Debug\link.9204.read.1.tlog
C:\Users\thatguylukuss\Documents\Visual Studio 2012\Projects\Kmeans_Parallel_v10\Kmeans_Serial\Debug\link.9204.write.1.tlog
C:\Users\thatguylukuss\Documents\Visual Studio 2012\Projects\Kmeans_Parallel_v10\Kmeans_Serial\Debug\link.9736-cvtres.read.1.tlog
C:\Users\thatguylukuss\Documents\Visual Studio 2012\Projects\Kmeans_Parallel_v10\Kmeans_Serial\Debug\link.9736-cvtres.write.1.tlog
C:\Users\thatguylukuss\Documents\Visual Studio 2012\Projects\Kmeans_Parallel_v10\Kmeans_Serial\Debug\link.9736-rc.read.1.tlog
C:\Users\thatguylukuss\Documents\Visual Studio 2012\Projects\Kmeans_Parallel_v10\Kmeans_Serial\Debug\link.9736-rc.write.1.tlog
C:\Users\thatguylukuss\Documents\Visual Studio 2012\Projects\Kmeans_Parallel_v10\Kmeans_Serial\Debug\link.9736.read.1.tlog
C:\Users\thatguylukuss\Documents\Visual Studio 2012\Projects\Kmeans_Parallel_v10\Kmeans_Serial\Debug\link.9736.write.1.tlog
C:\Users\thatguylukuss\Documents\Visual Studio 2012\Projects\Kmeans_Parallel_v10\Kmeans_Serial\Debug\link.9940-cvtres.read.1.tlog
C:\Users\thatguylukuss\Documents\Visual Studio 2012\Projects\Kmeans_Parallel_v10\Kmeans_Serial\Debug\link.9940-cvtres.write.1.tlog
C:\Users\thatguylukuss\Documents\Visual Studio 2012\Projects\Kmeans_Parallel_v10\Kmeans_Serial\Debug\link.9940-rc.read.1.tlog
C:\Users\thatguylukuss\Documents\Visual Studio 2012\Projects\Kmeans_Parallel_v10\Kmeans_Serial\Debug\link.9940-rc.write.1.tlog
C:\Users\thatguylukuss\Documents\Visual Studio 2012\Projects\Kmeans_Parallel_v10\Kmeans_Serial\Debug\link.9940.read.1.tlog
C:\Users\thatguylukuss\Documents\Visual Studio 2012\Projects\Kmeans_Parallel_v10\Kmeans_Serial\Debug\link.9940.write.1.tlog
C:\Users\thatguylukuss\Documents\Visual Studio 2012\Projects\Kmeans_Parallel_v10\Kmeans_Serial\Debug\link.command.1.tlog
C:\Users\thatguylukuss\Documents\Visual Studio 2012\Projects\Kmeans_Parallel_v10\Kmeans_Serial\Debug\link.read.1.tlog
C:\Users\thatguylukuss\Documents\Visual Studio 2012\Projects\Kmeans_Parallel_v10\Kmeans_Serial\Debug\link.write.1.tlog
C:\Users\thatguylukuss\Documents\Visual Studio 2012\Projects\Kmeans_Parallel_v10\Kmeans_Serial\Debug\vc110.idb
C:\Users\thatguylukuss\Documents\Visual Studio 2012\Projects\Kmeans_Parallel_v10\Kmeans_Serial\Debug\vc110.pdb
C:\Users\thatguylukuss\Documents\Visual Studio 2012\Projects\Kmeans_Parallel_v10\Debug\Kmeans_Serial.pdb
C:\Users\thatguylukuss\Documents\Visual Studio 2012\Projects\Kmeans_Parallel_v10\Debug\Kmeans_Serial.exe
C:\Users\thatguylukuss\Documents\Visual Studio 2012\Projects\Kmeans_Parallel_v10\Debug\Kmeans_Serial.ilk
