C:\USERS\THATGUYLUKUSS\DOCUMENTS\VISUAL STUDIO 2012\PROJECTS\KMEANS_SERIAL - COPY\KMEANS_SERIAL\RELEASE\VC110.PDB
C:\USERS\THATGUYLUKUSS\DOCUMENTS\VISUAL STUDIO 2012\PROJECTS\KMEANS_PARALLEL_V10\KMEANS_SERIAL\RELEASE\POINT.OBJ
C:\USERS\THATGUYLUKUSS\DOCUMENTS\VISUAL STUDIO 2012\PROJECTS\KMEANS_PARALLEL_V10\KMEANS_SERIAL\RELEASE\JBUTIL.OBJ
C:\USERS\THATGUYLUKUSS\DOCUMENTS\VISUAL STUDIO 2012\PROJECTS\KMEANS_PARALLEL_V10\KMEANS_SERIAL\RELEASE\FILEHANDLER.OBJ
C:\USERS\THATGUYLUKUSS\DOCUMENTS\VISUAL STUDIO 2012\PROJECTS\KMEANS_PARALLEL_V10\KMEANS_SERIAL\RELEASE\FEATUREPOINT.OBJ
C:\USERS\THATGUYLUKUSS\DOCUMENTS\VISUAL STUDIO 2012\PROJECTS\KMEANS_PARALLEL_V10\KMEANS_SERIAL\RELEASE\EXCEPTIONS.OBJ
C:\USERS\THATGUYLUKUSS\DOCUMENTS\VISUAL STUDIO 2012\PROJECTS\KMEANS_PARALLEL_V10\KMEANS_SERIAL\RELEASE\VC110.PDB
C:\USERS\THATGUYLUKUSS\DOCUMENTS\VISUAL STUDIO 2012\PROJECTS\KMEANS_SERIAL - COPY\RELEASE\KMEANS_SERIAL.EXE
C:\USERS\THATGUYLUKUSS\DOCUMENTS\VISUAL STUDIO 2012\PROJECTS\KMEANS_SERIAL - COPY\RELEASE\KMEANS_SERIAL.PDB
C:\USERS\THATGUYLUKUSS\DOCUMENTS\VISUAL STUDIO 2012\PROJECTS\KMEANS_PARALLEL_V10\RELEASE\KMEANS_SERIAL.EXE
C:\USERS\THATGUYLUKUSS\DOCUMENTS\VISUAL STUDIO 2012\PROJECTS\KMEANS_PARALLEL_V10\RELEASE\KMEANS_SERIAL.PDB
C:\Users\thatguylukuss\Documents\Visual Studio 2012\Projects\Kmeans_Parallel_v10\Kmeans_Serial\Release\FeatureSpace.cu.cache
C:\Users\thatguylukuss\Documents\Visual Studio 2012\Projects\Kmeans_Parallel_v10\Kmeans_Serial\Release\main.cu.cache
C:\Users\thatguylukuss\Documents\Visual Studio 2012\Projects\Kmeans_Parallel_v10\Kmeans_Serial\Release\Exceptions.obj
C:\Users\thatguylukuss\Documents\Visual Studio 2012\Projects\Kmeans_Parallel_v10\Kmeans_Serial\Release\FeaturePoint.obj
C:\Users\thatguylukuss\Documents\Visual Studio 2012\Projects\Kmeans_Parallel_v10\Kmeans_Serial\Release\FeatureSpace.cu.obj
C:\Users\thatguylukuss\Documents\Visual Studio 2012\Projects\Kmeans_Parallel_v10\Kmeans_Serial\Release\FileHandler.obj
C:\Users\thatguylukuss\Documents\Visual Studio 2012\Projects\Kmeans_Parallel_v10\Kmeans_Serial\Release\jbutil.obj
C:\Users\thatguylukuss\Documents\Visual Studio 2012\Projects\Kmeans_Parallel_v10\Kmeans_Serial\Release\main.cu.obj
C:\Users\thatguylukuss\Documents\Visual Studio 2012\Projects\Kmeans_Parallel_v10\Kmeans_Serial\Release\Point.obj
C:\Users\thatguylukuss\Documents\Visual Studio 2012\Projects\Kmeans_Parallel_v10\Kmeans_Serial\Release\cl.command.1.tlog
C:\Users\thatguylukuss\Documents\Visual Studio 2012\Projects\Kmeans_Parallel_v10\Kmeans_Serial\Release\CL.read.1.tlog
C:\Users\thatguylukuss\Documents\Visual Studio 2012\Projects\Kmeans_Parallel_v10\Kmeans_Serial\Release\CL.write.1.tlog
C:\Users\thatguylukuss\Documents\Visual Studio 2012\Projects\Kmeans_Parallel_v10\Kmeans_Serial\Release\link-cvtres.read.1.tlog
C:\Users\thatguylukuss\Documents\Visual Studio 2012\Projects\Kmeans_Parallel_v10\Kmeans_Serial\Release\link-cvtres.write.1.tlog
C:\Users\thatguylukuss\Documents\Visual Studio 2012\Projects\Kmeans_Parallel_v10\Kmeans_Serial\Release\link-rc.read.1.tlog
C:\Users\thatguylukuss\Documents\Visual Studio 2012\Projects\Kmeans_Parallel_v10\Kmeans_Serial\Release\link-rc.write.1.tlog
C:\Users\thatguylukuss\Documents\Visual Studio 2012\Projects\Kmeans_Parallel_v10\Kmeans_Serial\Release\link.command.1.tlog
C:\Users\thatguylukuss\Documents\Visual Studio 2012\Projects\Kmeans_Parallel_v10\Kmeans_Serial\Release\link.read.1.tlog
C:\Users\thatguylukuss\Documents\Visual Studio 2012\Projects\Kmeans_Parallel_v10\Kmeans_Serial\Release\link.write.1.tlog
C:\Users\thatguylukuss\Documents\Visual Studio 2012\Projects\Kmeans_Parallel_v10\Kmeans_Serial\Release\vc110.pdb
C:\Users\thatguylukuss\Documents\Visual Studio 2012\Projects\Kmeans_Parallel_v10\Release\Kmeans_Serial.pdb
C:\Users\thatguylukuss\Documents\Visual Studio 2012\Projects\Kmeans_Parallel_v10\Release\Kmeans_Serial.exe
